{"numFailedTestSuites":1,"numFailedTests":0,"numPassedTestSuites":0,"numPassedTests":0,"numPendingTestSuites":0,"numPendingTests":0,"numRuntimeErrorTestSuites":1,"numTodoTests":0,"numTotalTestSuites":1,"numTotalTests":0,"openHandles":[],"snapshot":{"added":0,"didUpdate":false,"failure":false,"filesAdded":0,"filesRemoved":0,"filesRemovedList":[],"filesUnmatched":0,"filesUpdated":0,"matched":0,"total":0,"unchecked":0,"uncheckedKeysByFile":[],"unmatched":0,"updated":0},"startTime":1748891058190,"success":false,"testResults":[{"assertionResults":[],"coverage":{},"endTime":1748891059580,"message":"  ● Test suite failed to run\n\n    Jest encountered an unexpected token\n\n    Jest failed to parse a file. This happens e.g. when your code or its dependencies use non-standard JavaScript syntax, or when Jest is not configured to support such syntax.\n\n    Out of the box Jest supports Babel, which will be used to transform your files into valid JS based on your Babel configuration.\n\n    By default \"node_modules\" folder is ignored by transformers.\n\n    Here's what you can do:\n     • If you are trying to use ECMAScript Modules, see https://jestjs.io/docs/ecmascript-modules for how to enable it.\n     • If you are trying to use TypeScript, see https://jestjs.io/docs/getting-started#using-typescript\n     • To have some of your \"node_modules\" files transformed, you can specify a custom \"transformIgnorePatterns\" in your config.\n     • If you need a custom transformation specify a \"transform\" option in your config.\n     • If you simply want to mock your non-JS modules (e.g. binary assets) you can stub them out with the \"moduleNameMapper\" config option.\n\n    You'll find more details and examples of these config options in the docs:\n    https://jestjs.io/docs/configuration\n    For information about custom transformations, see:\n    https://jestjs.io/docs/code-transformation\n\n    Details:\n\n    SyntaxError: /Volumes/Zoom-Archive/grig/work/onelocal/repo/ONE-mobile/global.css: Support for the experimental syntax 'decorators' isn't currently enabled (1:1):\n\n    > 1 | @tailwind base;\n        | ^\n      2 | @tailwind components;\n      3 | @tailwind utilities;\n      4 |\n\n    Add @babel/plugin-proposal-decorators (https://github.com/babel/babel/tree/main/packages/babel-plugin-proposal-decorators) to the 'plugins' section of your Babel config to enable transformation.\n    If you want to leave it as-is, add @babel/plugin-syntax-decorators (https://github.com/babel/babel/tree/main/packages/babel-plugin-syntax-decorators) to the 'plugins' section to enable parsing.\n\n    If you already added the plugin for this syntax to your config, it's possible that your config isn't being loaded.\n    You can re-run Babel with the BABEL_SHOW_CONFIG_FOR environment variable to show the loaded configuration:\n    \tnpx cross-env BABEL_SHOW_CONFIG_FOR=/Volumes/Zoom-Archive/grig/work/onelocal/repo/ONE-mobile/global.css <your build command>\n    See https://babeljs.io/docs/configuration#print-effective-configs for more info.\n\n       5 | import React from \"react\";\n       6 | import \"react-native\";\n    >  7 | import \"../global.css\";\n         | ^\n       8 | import { App } from \"../src/app\";\n       9 |\n      10 | // Note: import explicitly to use the types shiped with jest.\n\n      at constructor (node_modules/@babel/parser/src/parse-error.ts:95:45)\n      at Parser.toParseError [as raise] (node_modules/@babel/parser/src/tokenizer/index.ts:1497:19)\n      at Parser.raise [as expectOnePlugin] (node_modules/@babel/parser/src/tokenizer/index.ts:1562:18)\n      at Parser.expectOnePlugin [as parseDecorator] (node_modules/@babel/parser/src/parser/statement.ts:763:10)\n      at Parser.parseDecorator [as parseDecorators] (node_modules/@babel/parser/src/parser/statement.ts:744:28)\n      at Parser.parseDecorators [as parseStatementLike] (node_modules/@babel/parser/src/parser/statement.ts:435:25)\n      at Parser.parseStatementLike [as parseModuleItem] (node_modules/@babel/parser/src/parser/statement.ts:374:17)\n      at Parser.parseModuleItem [as parseBlockOrModuleBlockBody] (node_modules/@babel/parser/src/parser/statement.ts:1419:16)\n      at Parser.parseBlockOrModuleBlockBody [as parseBlockBody] (node_modules/@babel/parser/src/parser/statement.ts:1393:10)\n      at Parser.parseBlockBody [as parseProgram] (node_modules/@babel/parser/src/parser/statement.ts:225:10)\n      at Parser.parseProgram [as parseTopLevel] (node_modules/@babel/parser/src/parser/statement.ts:203:25)\n      at Parser.parseTopLevel [as parse] (node_modules/@babel/parser/src/parser/index.ts:90:10)\n      at parse (node_modules/@babel/parser/src/index.ts:92:38)\n      at parser (node_modules/@babel/core/src/parser/index.ts:28:19)\n          at parser.next (<anonymous>)\n      at normalizeFile (node_modules/@babel/core/src/transformation/normalize-file.ts:49:24)\n          at normalizeFile.next (<anonymous>)\n      at run (node_modules/@babel/core/src/transformation/index.ts:40:36)\n          at run.next (<anonymous>)\n      at transform (node_modules/@babel/core/src/transform.ts:29:20)\n          at transform.next (<anonymous>)\n      at evaluateSync (node_modules/gensync/index.js:251:28)\n      at sync (node_modules/gensync/index.js:89:14)\n      at fn (node_modules/@babel/core/src/errors/rewrite-stack-trace.ts:99:14)\n      at transformSync (node_modules/@babel/core/src/transform.ts:66:52)\n      at ScriptTransformer._instrumentFile (node_modules/@jest/transform/build/ScriptTransformer.js:389:46)\n      at ScriptTransformer._buildTransformResult (node_modules/@jest/transform/build/ScriptTransformer.js:491:33)\n      at ScriptTransformer.transformSource (node_modules/@jest/transform/build/ScriptTransformer.js:554:17)\n      at ScriptTransformer._transformAndBuildScript (node_modules/@jest/transform/build/ScriptTransformer.js:674:40)\n      at ScriptTransformer.transform (node_modules/@jest/transform/build/ScriptTransformer.js:726:19)\n      at Object.require (__tests__/App.test.tsx:7:1)\n","name":"/Volumes/Zoom-Archive/grig/work/onelocal/repo/ONE-mobile/__tests__/App.test.tsx","startTime":1748891059580,"status":"failed","summary":""}],"wasInterrupted":false,"coverageMap":{}}
